<?xml version="1.0" encoding="UTF-8"?>
<!-- Generated by org.testng.reporters.JUnitReportReporter -->
<testsuite skipped="0" hostname="RakSan-HP32" name="com.crm.qa.testcases.LoginPageTest" tests="3" failures="0" timestamp="07 Jun 2018 06:59:57 GMT" time="131.075" errors="0">
  <testcase name="loginPageTitleTest" time="41.895" classname="com.crm.qa.testcases.LoginPageTest"/>
  <testcase name="CRMLogoImageTest" time="37.916" classname="com.crm.qa.testcases.LoginPageTest"/>
  <testcase name="LoginTest" time="51.264" classname="com.crm.qa.testcases.LoginPageTest"/>
</testsuite> <!-- com.crm.qa.testcases.LoginPageTest -->
