<?xml version="1.0" encoding="UTF-8"?>
<!-- Generated by org.testng.reporters.JUnitReportReporter -->
<testsuite skipped="0" hostname="RakSan-HP32" name="com.crm.qa.testcases.HomePageTest" tests="3" failures="0" timestamp="07 Jun 2018 06:59:57 GMT" time="135.770" errors="0">
  <testcase name="VerifyHomePageTitle" time="44.693" classname="com.crm.qa.testcases.HomePageTest"/>
  <testcase name="verifyusernametest" time="45.695" classname="com.crm.qa.testcases.HomePageTest"/>
  <testcase name="VerifyContactsLinkTest" time="45.382" classname="com.crm.qa.testcases.HomePageTest"/>
</testsuite> <!-- com.crm.qa.testcases.HomePageTest -->
