<?xml version="1.0" encoding="UTF-8"?>
<!-- Generated by org.testng.reporters.JUnitReportReporter -->
<testsuite hostname="RakSan-HP32" name="com.crm.qa.testcases.HomePageTest" tests="3" failures="0" timestamp="8 Jun 2018 07:08:09 GMT" time="50.485" errors="0">
  <testcase name="verifyusernametest" time="17.140" classname="com.crm.qa.testcases.HomePageTest"/>
  <testcase name="VerifyContactsLinkTest" time="17.703" classname="com.crm.qa.testcases.HomePageTest"/>
  <testcase name="VerifyHomePageTitle" time="15.642" classname="com.crm.qa.testcases.HomePageTest"/>
</testsuite> <!-- com.crm.qa.testcases.HomePageTest -->
