<?xml version="1.0" encoding="UTF-8"?>
<!-- Generated by org.testng.reporters.JUnitReportReporter -->
<testsuite hostname="RakSan-HP32" name="com.crm.qa.testcases.LoginPageTest" tests="3" failures="0" timestamp="8 Jun 2018 07:08:09 GMT" time="39.234" errors="0">
  <testcase name="CRMLogoImageTest" time="8.710" classname="com.crm.qa.testcases.LoginPageTest"/>
  <testcase name="LoginTest" time="19.938" classname="com.crm.qa.testcases.LoginPageTest"/>
  <testcase name="loginPageTitleTest" time="10.586" classname="com.crm.qa.testcases.LoginPageTest"/>
</testsuite> <!-- com.crm.qa.testcases.LoginPageTest -->
